<?xml version="1.0" encoding="UTF-8"?>
<robot generator="Robot 3.1.1 (Python 3.6.8 on win32)" generated="20190316 10:28:28.776" rpa="false">
<suite id="s1" name="Robot1" source="C:\RobotFrameworkProjects\Robot1">
<suite id="s1-s1" name="testSuite1" source="C:\RobotFrameworkProjects\Robot1\testSuite1.robot">
<kw name="Log" library="BuiltIn" type="setup">
<doc>Logs the given message with the given level.</doc>
<arguments>
<arg>I am inside Test Suite SetUp</arg>
</arguments>
<msg timestamp="20190316 10:28:29.073" level="INFO">I am inside Test Suite SetUp</msg>
<status status="PASS" starttime="20190316 10:28:29.073" endtime="20190316 10:28:29.073"></status>
</kw>
<test id="s1-s1-t1" name="MyFirstTest">
<kw name="Log" library="BuiltIn" type="setup">
<doc>Logs the given message with the given level.</doc>
<arguments>
<arg>I am inside Test SetUp</arg>
</arguments>
<msg timestamp="20190316 10:28:29.073" level="INFO">I am inside Test SetUp</msg>
<status status="PASS" starttime="20190316 10:28:29.073" endtime="20190316 10:28:29.073"></status>
</kw>
<kw name="Log" library="BuiltIn">
<doc>Logs the given message with the given level.</doc>
<arguments>
<arg>Hello World</arg>
</arguments>
<msg timestamp="20190316 10:28:29.073" level="INFO">Hello World</msg>
<status status="PASS" starttime="20190316 10:28:29.073" endtime="20190316 10:28:29.073"></status>
</kw>
<kw name="Log" library="BuiltIn" type="teardown">
<doc>Logs the given message with the given level.</doc>
<arguments>
<arg>I am outside Test TearDown</arg>
</arguments>
<msg timestamp="20190316 10:28:29.089" level="INFO">I am outside Test TearDown</msg>
<status status="PASS" starttime="20190316 10:28:29.089" endtime="20190316 10:28:29.089"></status>
</kw>
<status status="PASS" starttime="20190316 10:28:29.073" endtime="20190316 10:28:29.089" critical="yes"></status>
</test>
<kw name="Log" library="BuiltIn" type="teardown">
<doc>Logs the given message with the given level.</doc>
<arguments>
<arg>I am outside Test Suite TearDown</arg>
</arguments>
<msg timestamp="20190316 10:28:29.089" level="INFO">I am outside Test Suite TearDown</msg>
<status status="PASS" starttime="20190316 10:28:29.089" endtime="20190316 10:28:29.089"></status>
</kw>
<status status="PASS" starttime="20190316 10:28:28.854" endtime="20190316 10:28:29.089"></status>
</suite>
<status status="PASS" starttime="20190316 10:28:28.823" endtime="20190316 10:28:29.089"></status>
</suite>
<statistics>
<total>
<stat pass="1" fail="0">Critical Tests</stat>
<stat pass="1" fail="0">All Tests</stat>
</total>
<tag>
</tag>
<suite>
<stat pass="1" fail="0" id="s1" name="Robot1">Robot1</stat>
<stat pass="1" fail="0" id="s1-s1" name="testSuite1">Robot1.testSuite1</stat>
</suite>
</statistics>
<errors>
</errors>
</robot>
